

Version:	3.10
CmdLine:	G:\Projects\Fiver\Java project\project15$80)\Yahoo Search\Yahoo Search.exe --l4j-debug
WOW64:		yes
Working dir:	G:\Projects\Fiver\Java project\project15$80)\Yahoo Search\.
Java min ver:	
Java max ver:	
Bundled JRE:	G:\Projects\Fiver\Java project\project15$80)\Exe File\bin\jre
Check launcher:	G:\Projects\Fiver\Java project\project15$80)\Exe File\bin\jre\bin\javaw.exe (OK)
Launcher:	G:\Projects\Fiver\Java project\project15$80)\Exe File\bin\jre\bin\javaw.exe
Launcher args:	-jar "G:\Projects\Fiver\Java project\project15$80)\Yahoo Search\Yahoo Search.exe"
Args length:	81/32768 chars
Exit code:	0


Version:	3.10
CmdLine:	G:\Projects\Fiver\Java project\project15$80)\Yahoo Search\Yahoo Search.exe --l4j-debug
WOW64:		yes
Working dir:	G:\Projects\Fiver\Java project\project15$80)\Yahoo Search\.
Java min ver:	
Java max ver:	
Bundled JRE:	G:\Projects\Fiver\Java project\project15$80)\Exe File\bin\jre
Check launcher:	G:\Projects\Fiver\Java project\project15$80)\Exe File\bin\jre\bin\javaw.exe (OK)
Launcher:	G:\Projects\Fiver\Java project\project15$80)\Exe File\bin\jre\bin\javaw.exe
Launcher args:	-jar "G:\Projects\Fiver\Java project\project15$80)\Yahoo Search\Yahoo Search.exe"
Args length:	81/32768 chars
Exit code:	0


Version:	3.10
CmdLine:	G:\Projects\Fiver\Java project\project15$80)\Yahoo Search\Yahoo Search.exe --l4j-debug
WOW64:		yes
Working dir:	G:\Projects\Fiver\Java project\project15$80)\Yahoo Search\.
Java min ver:	
Java max ver:	
Bundled JRE:	G:\Projects\Fiver\Java project\project15$80)\Exe File\bin\jre
Check launcher:	G:\Projects\Fiver\Java project\project15$80)\Exe File\bin\jre\bin\javaw.exe (OK)
Launcher:	G:\Projects\Fiver\Java project\project15$80)\Exe File\bin\jre\bin\javaw.exe
Launcher args:	-jar "G:\Projects\Fiver\Java project\project15$80)\Yahoo Search\Yahoo Search.exe"
Args length:	81/32768 chars
Exit code:	0
